<?xml version="1.0" encoding="UTF-8"?>
<testng-results ignored="2" total="6" passed="3" failed="1" skipped="0">
  <reporter-output>
  </reporter-output>
  <suite started-at="2025-06-01T12:06:48 IST" name="Suite" finished-at="2025-06-01T12:07:10 IST" duration-ms="21334">
    <groups>
    </groups>
    <test started-at="2025-06-01T12:06:48 IST" name="Test_12" finished-at="2025-06-01T12:07:10 IST" duration-ms="21334">
      <class name="test.Test4">
        <test-method is-config="true" signature="setUp()[pri:0, instance:test.Test4@49b2a47d]" started-at="2025-06-01T12:06:48 IST" name="setUp" finished-at="2025-06-01T12:06:53 IST" duration-ms="5164" status="PASS">
          <reporter-output>
          </reporter-output>
        </test-method> <!-- setUp -->
        <test-method is-config="true" signature="preTest()[pri:0, instance:test.Test4@49b2a47d]" started-at="2025-06-01T12:06:53 IST" name="preTest" finished-at="2025-06-01T12:06:53 IST" duration-ms="21" status="PASS">
          <reporter-output>
          </reporter-output>
        </test-method> <!-- preTest -->
        <test-method signature="testFor400068()[pri:0, instance:test.Test4@49b2a47d]" started-at="2025-06-01T12:06:53 IST" name="testFor400068" finished-at="2025-06-01T12:06:58 IST" duration-ms="4933" status="PASS">
          <reporter-output>
          </reporter-output>
        </test-method> <!-- testFor400068 -->
        <test-method signature="testFor400069()[pri:0, instance:test.Test4@49b2a47d]" started-at="2025-06-01T12:06:58 IST" name="testFor400069" finished-at="2025-06-01T12:07:03 IST" duration-ms="4497" status="PASS">
          <reporter-output>
          </reporter-output>
        </test-method> <!-- testFor400069 -->
        <test-method signature="testFor400070()[pri:0, instance:test.Test4@49b2a47d]" started-at="2025-06-01T12:07:03 IST" name="testFor400070" finished-at="2025-06-01T12:07:07 IST" duration-ms="4575" status="PASS">
          <reporter-output>
          </reporter-output>
        </test-method> <!-- testFor400070 -->
        <test-method is-config="true" signature="tearDown()[pri:0, instance:test.Test4@49b2a47d]" started-at="2025-06-01T12:07:09 IST" name="tearDown" finished-at="2025-06-01T12:07:10 IST" duration-ms="529" status="PASS">
          <reporter-output>
          </reporter-output>
        </test-method> <!-- tearDown -->
      </class> <!-- test.Test4 -->
      <class name="test.Test3">
        <test-method is-config="true" signature="preTest()[pri:0, instance:test.Test3@78452606]" started-at="2025-06-01T12:07:07 IST" name="preTest" finished-at="2025-06-01T12:07:07 IST" duration-ms="2" status="PASS">
          <reporter-output>
          </reporter-output>
        </test-method> <!-- preTest -->
        <test-method signature="Test3()[pri:0, instance:test.Test3@78452606]" started-at="2025-06-01T12:07:07 IST" name="Test3" finished-at="2025-06-01T12:07:09 IST" duration-ms="1368" status="FAIL">
          <exception class="java.lang.AssertionError">
            <message>
              <![CDATA[The title does not match expected [false] but found [true]]]>
            </message>
            <full-stacktrace>
              <![CDATA[java.lang.AssertionError: The title does not match expected [false] but found [true]
at org.testng.Assert.fail(Assert.java:110)
at org.testng.Assert.failNotEquals(Assert.java:1413)
at org.testng.Assert.assertFalse(Assert.java:78)
at test.Test3.Test3(Test3.java:35)
at java.base/jdk.internal.reflect.DirectMethodHandleAccessor.invoke(DirectMethodHandleAccessor.java:103)
at java.base/java.lang.reflect.Method.invoke(Method.java:580)
at org.testng.internal.invokers.MethodInvocationHelper.invokeMethod(MethodInvocationHelper.java:139)
at org.testng.internal.invokers.TestInvoker.invokeMethod(TestInvoker.java:677)
at org.testng.internal.invokers.TestInvoker.invokeTestMethod(TestInvoker.java:221)
at org.testng.internal.invokers.MethodRunner.runInSequence(MethodRunner.java:50)
at org.testng.internal.invokers.TestInvoker$MethodInvocationAgent.invoke(TestInvoker.java:969)
at org.testng.internal.invokers.TestInvoker.invokeTestMethods(TestInvoker.java:194)
at org.testng.internal.invokers.TestMethodWorker.invokeTestMethods(TestMethodWorker.java:148)
at org.testng.internal.invokers.TestMethodWorker.run(TestMethodWorker.java:128)
at java.base/java.util.ArrayList.forEach(ArrayList.java:1596)
at org.testng.TestRunner.privateRun(TestRunner.java:829)
at org.testng.TestRunner.run(TestRunner.java:602)
at org.testng.SuiteRunner.runTest(SuiteRunner.java:437)
at org.testng.SuiteRunner.runSequentially(SuiteRunner.java:431)
at org.testng.SuiteRunner.privateRun(SuiteRunner.java:391)
at org.testng.SuiteRunner.run(SuiteRunner.java:330)
at org.testng.SuiteRunnerWorker.runSuite(SuiteRunnerWorker.java:52)
at org.testng.SuiteRunnerWorker.run(SuiteRunnerWorker.java:95)
at org.testng.TestNG.runSuitesSequentially(TestNG.java:1256)
at org.testng.TestNG.runSuitesLocally(TestNG.java:1176)
at org.testng.TestNG.runSuites(TestNG.java:1099)
at org.testng.TestNG.run(TestNG.java:1067)
at org.testng.remote.AbstractRemoteTestNG.run(AbstractRemoteTestNG.java:115)
at org.testng.remote.RemoteTestNG.initAndRun(RemoteTestNG.java:293)
at org.testng.remote.RemoteTestNG.main(RemoteTestNG.java:91)
]]>
            </full-stacktrace>
          </exception> <!-- java.lang.AssertionError -->
          <reporter-output>
          </reporter-output>
        </test-method> <!-- Test3 -->
      </class> <!-- test.Test3 -->
    </test> <!-- Test_12 -->
  </suite> <!-- Suite -->
</testng-results>
